{"/Users/jianshengchen/Documents/work/seller/video-fe/media-carrier/src/index.ts": {"path":"/Users/jianshengchen/Documents/work/seller/video-fe/media-carrier/src/index.ts","statementMap":{"0":{"start":{"line":13,"column":4},"end":{"line":13,"column":14}},"1":{"start":{"line":16,"column":4},"end":{"line":16,"column":15}},"2":{"start":{"line":20,"column":4},"end":{"line":20,"column":17}},"3":{"start":{"line":23,"column":4},"end":{"line":23,"column":10}},"4":{"start":{"line":32,"column":24},"end":{"line":32,"column":33}},"5":{"start":{"line":33,"column":9},"end":{"line":33,"column":10}},"6":{"start":{"line":35,"column":21},"end":{"line":39,"column":1}},"7":{"start":{"line":47,"column":4},"end":{"line":47,"column":51}},"8":{"start":{"line":48,"column":4},"end":{"line":48,"column":19}},"9":{"start":{"line":51,"column":16},"end":{"line":66,"column":3}},"10":{"start":{"line":56,"column":4},"end":{"line":59,"column":5}},"11":{"start":{"line":57,"column":6},"end":{"line":57,"column":96}},"12":{"start":{"line":58,"column":6},"end":{"line":58,"column":13}},"13":{"start":{"line":60,"column":46},"end":{"line":60,"column":50}},"14":{"start":{"line":61,"column":19},"end":{"line":61,"column":43}},"15":{"start":{"line":62,"column":15},"end":{"line":62,"column":62}},"16":{"start":{"line":63,"column":15},"end":{"line":63,"column":49}},"17":{"start":{"line":64,"column":4},"end":{"line":64,"column":25}},"18":{"start":{"line":65,"column":4},"end":{"line":65,"column":34}},"19":{"start":{"line":68,"column":17},"end":{"line":71,"column":3}},"20":{"start":{"line":69,"column":4},"end":{"line":69,"column":28}},"21":{"start":{"line":70,"column":4},"end":{"line":70,"column":23}},"22":{"start":{"line":78,"column":16},"end":{"line":104,"column":3}},"23":{"start":{"line":88,"column":24},"end":{"line":88,"column":58}},"24":{"start":{"line":89,"column":86},"end":{"line":89,"column":90}},"25":{"start":{"line":91,"column":20},"end":{"line":97,"column":6}},"26":{"start":{"line":98,"column":19},"end":{"line":98,"column":72}},"27":{"start":{"line":99,"column":4},"end":{"line":103,"column":5}},"28":{"start":{"line":106,"column":29},"end":{"line":126,"column":3}},"29":{"start":{"line":107,"column":22},"end":{"line":107,"column":56}},"30":{"start":{"line":108,"column":71},"end":{"line":108,"column":75}},"31":{"start":{"line":109,"column":20},"end":{"line":119,"column":5}},"32":{"start":{"line":120,"column":19},"end":{"line":120,"column":72}},"33":{"start":{"line":121,"column":4},"end":{"line":125,"column":5}},"34":{"start":{"line":128,"column":26},"end":{"line":148,"column":3}},"35":{"start":{"line":129,"column":24},"end":{"line":129,"column":58}},"36":{"start":{"line":130,"column":71},"end":{"line":130,"column":75}},"37":{"start":{"line":131,"column":20},"end":{"line":141,"column":5}},"38":{"start":{"line":142,"column":19},"end":{"line":142,"column":72}},"39":{"start":{"line":143,"column":4},"end":{"line":147,"column":5}},"40":{"start":{"line":150,"column":15},"end":{"line":169,"column":3}},"41":{"start":{"line":151,"column":24},"end":{"line":151,"column":58}},"42":{"start":{"line":152,"column":35},"end":{"line":152,"column":39}},"43":{"start":{"line":153,"column":20},"end":{"line":163,"column":5}},"44":{"start":{"line":164,"column":19},"end":{"line":164,"column":58}},"45":{"start":{"line":165,"column":4},"end":{"line":168,"column":5}}},"fnMap":{"0":{"name":"(anonymous_0)","decl":{"start":{"line":46,"column":2},"end":{"line":46,"column":3}},"loc":{"start":{"line":46,"column":72},"end":{"line":49,"column":3}},"line":46},"1":{"name":"(anonymous_1)","decl":{"start":{"line":51,"column":16},"end":{"line":51,"column":17}},"loc":{"start":{"line":55,"column":22},"end":{"line":66,"column":3}},"line":55},"2":{"name":"(anonymous_2)","decl":{"start":{"line":68,"column":17},"end":{"line":68,"column":18}},"loc":{"start":{"line":68,"column":23},"end":{"line":71,"column":3}},"line":68},"3":{"name":"(anonymous_3)","decl":{"start":{"line":78,"column":16},"end":{"line":78,"column":17}},"loc":{"start":{"line":87,"column":2},"end":{"line":104,"column":3}},"line":87},"4":{"name":"(anonymous_4)","decl":{"start":{"line":106,"column":29},"end":{"line":106,"column":30}},"loc":{"start":{"line":106,"column":176},"end":{"line":126,"column":3}},"line":106},"5":{"name":"(anonymous_5)","decl":{"start":{"line":128,"column":26},"end":{"line":128,"column":27}},"loc":{"start":{"line":128,"column":173},"end":{"line":148,"column":3}},"line":128},"6":{"name":"(anonymous_6)","decl":{"start":{"line":150,"column":15},"end":{"line":150,"column":16}},"loc":{"start":{"line":150,"column":93},"end":{"line":169,"column":3}},"line":150}},"branchMap":{"0":{"loc":{"start":{"line":46,"column":14},"end":{"line":46,"column":70}},"type":"default-arg","locations":[{"start":{"line":46,"column":42},"end":{"line":46,"column":70}}],"line":46},"1":{"loc":{"start":{"line":47,"column":19},"end":{"line":47,"column":50}},"type":"binary-expr","locations":[{"start":{"line":47,"column":19},"end":{"line":47,"column":31}},{"start":{"line":47,"column":35},"end":{"line":47,"column":50}}],"line":47},"2":{"loc":{"start":{"line":56,"column":4},"end":{"line":59,"column":5}},"type":"if","locations":[{"start":{"line":56,"column":4},"end":{"line":59,"column":5}},{"start":{"line":56,"column":4},"end":{"line":59,"column":5}}],"line":56},"3":{"loc":{"start":{"line":89,"column":42},"end":{"line":89,"column":61}},"type":"default-arg","locations":[{"start":{"line":89,"column":54},"end":{"line":89,"column":61}}],"line":89},"4":{"loc":{"start":{"line":89,"column":63},"end":{"line":89,"column":81}},"type":"default-arg","locations":[{"start":{"line":89,"column":76},"end":{"line":89,"column":81}}],"line":89},"5":{"loc":{"start":{"line":108,"column":55},"end":{"line":108,"column":66}},"type":"default-arg","locations":[{"start":{"line":108,"column":63},"end":{"line":108,"column":66}}],"line":108},"6":{"loc":{"start":{"line":130,"column":55},"end":{"line":130,"column":66}},"type":"default-arg","locations":[{"start":{"line":130,"column":63},"end":{"line":130,"column":66}}],"line":130},"7":{"loc":{"start":{"line":152,"column":12},"end":{"line":152,"column":30}},"type":"default-arg","locations":[{"start":{"line":152,"column":25},"end":{"line":152,"column":30}}],"line":152}},"s":{"0":1,"1":1,"2":1,"3":1,"4":1,"5":1,"6":1,"7":4,"8":4,"9":4,"10":3,"11":0,"12":0,"13":3,"14":3,"15":3,"16":3,"17":3,"18":3,"19":4,"20":0,"21":0,"22":4,"23":1,"24":1,"25":1,"26":1,"27":1,"28":4,"29":0,"30":0,"31":0,"32":0,"33":0,"34":4,"35":0,"36":0,"37":0,"38":0,"39":0,"40":4,"41":1,"42":1,"43":1,"44":1,"45":1},"f":{"0":4,"1":3,"2":0,"3":1,"4":0,"5":0,"6":1},"b":{"0":[0],"1":[4,0],"2":[0,3],"3":[1],"4":[0],"5":[0],"6":[0],"7":[0]},"_coverageSchema":"1a1c01bbd47fc00a2c39e90264f33305004495a9","hash":"ccd69ced34a1e2f57e4d311316292c00f3525128"}
,"/Users/jianshengchen/Documents/work/seller/video-fe/media-carrier/src/utils/common.ts": {"path":"/Users/jianshengchen/Documents/work/seller/video-fe/media-carrier/src/utils/common.ts","statementMap":{"0":{"start":{"line":2,"column":2},"end":{"line":6,"column":4}},"1":{"start":{"line":3,"column":4},"end":{"line":5,"column":12}},"2":{"start":{"line":4,"column":6},"end":{"line":4,"column":16}},"3":{"start":{"line":9,"column":2},"end":{"line":11,"column":5}},"4":{"start":{"line":10,"column":4},"end":{"line":10,"column":81}},"5":{"start":{"line":10,"column":21},"end":{"line":10,"column":73}},"6":{"start":{"line":19,"column":2},"end":{"line":21,"column":3}},"7":{"start":{"line":20,"column":4},"end":{"line":20,"column":57}},"8":{"start":{"line":22,"column":14},"end":{"line":22,"column":23}},"9":{"start":{"line":23,"column":14},"end":{"line":23,"column":48}},"10":{"start":{"line":24,"column":15},"end":{"line":24,"column":45}},"11":{"start":{"line":26,"column":2},"end":{"line":26,"column":112}},"12":{"start":{"line":34,"column":2},"end":{"line":34,"column":66}},"13":{"start":{"line":42,"column":33},"end":{"line":42,"column":76}},"14":{"start":{"line":42,"column":60},"end":{"line":42,"column":75}},"15":{"start":{"line":43,"column":20},"end":{"line":43,"column":21}},"16":{"start":{"line":44,"column":2},"end":{"line":44,"column":31}},"17":{"start":{"line":45,"column":2},"end":{"line":45,"column":36}},"18":{"start":{"line":46,"column":2},"end":{"line":46,"column":39}},"19":{"start":{"line":47,"column":2},"end":{"line":47,"column":21}},"20":{"start":{"line":58,"column":2},"end":{"line":60,"column":3}},"21":{"start":{"line":59,"column":4},"end":{"line":59,"column":15}},"22":{"start":{"line":61,"column":2},"end":{"line":61,"column":50}}},"fnMap":{"0":{"name":"createTimeoutPromise","decl":{"start":{"line":1,"column":16},"end":{"line":1,"column":36}},"loc":{"start":{"line":1,"column":66},"end":{"line":7,"column":1}},"line":1},"1":{"name":"(anonymous_1)","decl":{"start":{"line":2,"column":21},"end":{"line":2,"column":22}},"loc":{"start":{"line":3,"column":4},"end":{"line":5,"column":12}},"line":3},"2":{"name":"(anonymous_2)","decl":{"start":{"line":3,"column":15},"end":{"line":3,"column":16}},"loc":{"start":{"line":3,"column":21},"end":{"line":5,"column":5}},"line":3},"3":{"name":"timeout","decl":{"start":{"line":8,"column":16},"end":{"line":8,"column":23}},"loc":{"start":{"line":8,"column":54},"end":{"line":12,"column":1}},"line":8},"4":{"name":"(anonymous_4)","decl":{"start":{"line":9,"column":21},"end":{"line":9,"column":22}},"loc":{"start":{"line":9,"column":42},"end":{"line":11,"column":3}},"line":9},"5":{"name":"(anonymous_5)","decl":{"start":{"line":10,"column":15},"end":{"line":10,"column":16}},"loc":{"start":{"line":10,"column":21},"end":{"line":10,"column":73}},"line":10},"6":{"name":"sec2Time","decl":{"start":{"line":18,"column":16},"end":{"line":18,"column":24}},"loc":{"start":{"line":18,"column":47},"end":{"line":27,"column":1}},"line":18},"7":{"name":"time2Sec","decl":{"start":{"line":33,"column":16},"end":{"line":33,"column":24}},"loc":{"start":{"line":33,"column":47},"end":{"line":35,"column":1}},"line":33},"8":{"name":"time2Millisecond","decl":{"start":{"line":41,"column":16},"end":{"line":41,"column":32}},"loc":{"start":{"line":41,"column":55},"end":{"line":48,"column":1}},"line":41},"9":{"name":"(anonymous_9)","decl":{"start":{"line":42,"column":53},"end":{"line":42,"column":54}},"loc":{"start":{"line":42,"column":60},"end":{"line":42,"column":75}},"line":42},"10":{"name":"padStart","decl":{"start":{"line":57,"column":16},"end":{"line":57,"column":24}},"loc":{"start":{"line":57,"column":108},"end":{"line":62,"column":1}},"line":57}},"branchMap":{"0":{"loc":{"start":{"line":19,"column":2},"end":{"line":21,"column":3}},"type":"if","locations":[{"start":{"line":19,"column":2},"end":{"line":21,"column":3}},{"start":{"line":19,"column":2},"end":{"line":21,"column":3}}],"line":19},"1":{"loc":{"start":{"line":57,"column":25},"end":{"line":57,"column":41}},"type":"default-arg","locations":[{"start":{"line":57,"column":39},"end":{"line":57,"column":41}}],"line":57},"2":{"loc":{"start":{"line":57,"column":43},"end":{"line":57,"column":58}},"type":"default-arg","locations":[{"start":{"line":57,"column":57},"end":{"line":57,"column":58}}],"line":57},"3":{"loc":{"start":{"line":57,"column":60},"end":{"line":57,"column":77}},"type":"default-arg","locations":[{"start":{"line":57,"column":74},"end":{"line":57,"column":77}}],"line":57},"4":{"loc":{"start":{"line":57,"column":79},"end":{"line":57,"column":106}},"type":"default-arg","locations":[{"start":{"line":57,"column":102},"end":{"line":57,"column":106}}],"line":57},"5":{"loc":{"start":{"line":58,"column":2},"end":{"line":60,"column":3}},"type":"if","locations":[{"start":{"line":58,"column":2},"end":{"line":60,"column":3}},{"start":{"line":58,"column":2},"end":{"line":60,"column":3}}],"line":58},"6":{"loc":{"start":{"line":58,"column":6},"end":{"line":58,"column":48}},"type":"binary-expr","locations":[{"start":{"line":58,"column":6},"end":{"line":58,"column":27}},{"start":{"line":58,"column":31},"end":{"line":58,"column":48}}],"line":58}},"s":{"0":4,"1":4,"2":1,"3":1,"4":1,"5":1,"6":6,"7":1,"8":5,"9":5,"10":5,"11":5,"12":4,"13":8,"14":24,"15":8,"16":8,"17":8,"18":8,"19":8,"20":20,"21":2,"22":18},"f":{"0":4,"1":4,"2":1,"3":1,"4":1,"5":1,"6":6,"7":4,"8":8,"9":24,"10":20},"b":{"0":[1,5],"1":[0],"2":[10],"3":[10],"4":[13],"5":[2,18],"6":[20,6]},"_coverageSchema":"1a1c01bbd47fc00a2c39e90264f33305004495a9","hash":"de4261e5caf4e4401e7c160e846f14563fb8cfc8"}
,"/Users/jianshengchen/Documents/work/seller/video-fe/media-carrier/src/utils/dataTransform.ts": {"path":"/Users/jianshengchen/Documents/work/seller/video-fe/media-carrier/src/utils/dataTransform.ts","statementMap":{"0":{"start":{"line":6,"column":15},"end":{"line":6,"column":48}},"1":{"start":{"line":7,"column":2},"end":{"line":7,"column":14}},"2":{"start":{"line":11,"column":15},"end":{"line":11,"column":53}},"3":{"start":{"line":12,"column":2},"end":{"line":12,"column":14}},"4":{"start":{"line":16,"column":2},"end":{"line":31,"column":5}},"5":{"start":{"line":17,"column":23},"end":{"line":17,"column":39}},"6":{"start":{"line":19,"column":4},"end":{"line":21,"column":6}},"7":{"start":{"line":20,"column":6},"end":{"line":20,"column":48}},"8":{"start":{"line":23,"column":4},"end":{"line":28,"column":6}},"9":{"start":{"line":24,"column":19},"end":{"line":24,"column":59}},"10":{"start":{"line":25,"column":19},"end":{"line":25,"column":59}},"11":{"start":{"line":27,"column":6},"end":{"line":27,"column":63}},"12":{"start":{"line":30,"column":4},"end":{"line":30,"column":39}},"13":{"start":{"line":35,"column":14},"end":{"line":35,"column":39}},"14":{"start":{"line":36,"column":2},"end":{"line":36,"column":13}},"15":{"start":{"line":40,"column":14},"end":{"line":40,"column":34}},"16":{"start":{"line":41,"column":2},"end":{"line":41,"column":24}},"17":{"start":{"line":45,"column":14},"end":{"line":45,"column":34}},"18":{"start":{"line":46,"column":16},"end":{"line":46,"column":47}},"19":{"start":{"line":47,"column":2},"end":{"line":47,"column":18}},"20":{"start":{"line":48,"column":2},"end":{"line":48,"column":15}},"21":{"start":{"line":54,"column":2},"end":{"line":54,"column":41}},"22":{"start":{"line":54,"column":12},"end":{"line":54,"column":41}},"23":{"start":{"line":55,"column":2},"end":{"line":69,"column":4}},"24":{"start":{"line":60,"column":24},"end":{"line":60,"column":32}},"25":{"start":{"line":61,"column":24},"end":{"line":61,"column":57}},"26":{"start":{"line":63,"column":14},"end":{"line":63,"column":25}},"27":{"start":{"line":65,"column":4},"end":{"line":67,"column":5}},"28":{"start":{"line":66,"column":6},"end":{"line":66,"column":67}},"29":{"start":{"line":68,"column":4},"end":{"line":68,"column":15}}},"fnMap":{"0":{"name":"arrayBuffer2Blob","decl":{"start":{"line":5,"column":16},"end":{"line":5,"column":32}},"loc":{"start":{"line":5,"column":66},"end":{"line":8,"column":1}},"line":5},"1":{"name":"arrayBuffer2File","decl":{"start":{"line":10,"column":16},"end":{"line":10,"column":32}},"loc":{"start":{"line":10,"column":118},"end":{"line":13,"column":1}},"line":10},"2":{"name":"blob2ArrayBuffer","decl":{"start":{"line":15,"column":16},"end":{"line":15,"column":32}},"loc":{"start":{"line":15,"column":67},"end":{"line":32,"column":1}},"line":15},"3":{"name":"(anonymous_3)","decl":{"start":{"line":16,"column":21},"end":{"line":16,"column":22}},"loc":{"start":{"line":16,"column":42},"end":{"line":31,"column":3}},"line":16},"4":{"name":"(anonymous_4)","decl":{"start":{"line":19,"column":24},"end":{"line":19,"column":25}},"loc":{"start":{"line":19,"column":35},"end":{"line":21,"column":5}},"line":19},"5":{"name":"(anonymous_5)","decl":{"start":{"line":23,"column":25},"end":{"line":23,"column":26}},"loc":{"start":{"line":23,"column":39},"end":{"line":28,"column":5}},"line":23},"6":{"name":"blob2ObjectURL","decl":{"start":{"line":34,"column":16},"end":{"line":34,"column":30}},"loc":{"start":{"line":34,"column":51},"end":{"line":37,"column":1}},"line":34},"7":{"name":"blob2AudioEelemnt","decl":{"start":{"line":39,"column":16},"end":{"line":39,"column":33}},"loc":{"start":{"line":39,"column":64},"end":{"line":42,"column":1}},"line":39},"8":{"name":"blob2VideoElement","decl":{"start":{"line":44,"column":16},"end":{"line":44,"column":33}},"loc":{"start":{"line":44,"column":64},"end":{"line":49,"column":1}},"line":44},"9":{"name":"reqMedia","decl":{"start":{"line":53,"column":22},"end":{"line":53,"column":30}},"loc":{"start":{"line":53,"column":110},"end":{"line":70,"column":1}},"line":53},"10":{"name":"(anonymous_10)","decl":{"start":{"line":59,"column":10},"end":{"line":59,"column":11}},"loc":{"start":{"line":59,"column":24},"end":{"line":69,"column":3}},"line":59}},"branchMap":{"0":{"loc":{"start":{"line":53,"column":44},"end":{"line":53,"column":78}},"type":"default-arg","locations":[{"start":{"line":53,"column":65},"end":{"line":53,"column":78}}],"line":53},"1":{"loc":{"start":{"line":54,"column":2},"end":{"line":54,"column":41}},"type":"if","locations":[{"start":{"line":54,"column":2},"end":{"line":54,"column":41}},{"start":{"line":54,"column":2},"end":{"line":54,"column":41}}],"line":54},"2":{"loc":{"start":{"line":61,"column":24},"end":{"line":61,"column":57}},"type":"binary-expr","locations":[{"start":{"line":61,"column":24},"end":{"line":61,"column":51}},{"start":{"line":61,"column":55},"end":{"line":61,"column":57}}],"line":61},"3":{"loc":{"start":{"line":65,"column":4},"end":{"line":67,"column":5}},"type":"if","locations":[{"start":{"line":65,"column":4},"end":{"line":67,"column":5}},{"start":{"line":65,"column":4},"end":{"line":67,"column":5}}],"line":65}},"s":{"0":2,"1":2,"2":2,"3":2,"4":3,"5":3,"6":3,"7":3,"8":3,"9":0,"10":0,"11":0,"12":3,"13":3,"14":3,"15":1,"16":1,"17":1,"18":1,"19":1,"20":1,"21":2,"22":0,"23":2,"24":2,"25":2,"26":2,"27":2,"28":1,"29":2},"f":{"0":2,"1":2,"2":3,"3":3,"4":3,"5":0,"6":3,"7":1,"8":1,"9":2,"10":2},"b":{"0":[0],"1":[0,2],"2":[2,0],"3":[1,1]},"_coverageSchema":"1a1c01bbd47fc00a2c39e90264f33305004495a9","hash":"1dfede68f4e23a1669f5b1ec7cfbfd3094db8d7a"}
,"/Users/jianshengchen/Documents/work/seller/video-fe/media-carrier/src/utils/index.ts": {"path":"/Users/jianshengchen/Documents/work/seller/video-fe/media-carrier/src/utils/index.ts","statementMap":{},"fnMap":{},"branchMap":{},"s":{},"f":{},"b":{},"_coverageSchema":"1a1c01bbd47fc00a2c39e90264f33305004495a9","hash":"f668957d843cc4fbc77754eeaf4f995469f26e77"}
,"/Users/jianshengchen/Documents/work/seller/video-fe/media-carrier/src/utils/mpegCommand.ts": {"path":"/Users/jianshengchen/Documents/work/seller/video-fe/media-carrier/src/utils/mpegCommand.ts","statementMap":{"0":{"start":{"line":20,"column":16},"end":{"line":20,"column":107}},"1":{"start":{"line":21,"column":28},"end":{"line":31,"column":3}},"2":{"start":{"line":32,"column":2},"end":{"line":32,"column":17}}},"fnMap":{"0":{"name":"getClipCommand","decl":{"start":{"line":12,"column":16},"end":{"line":12,"column":30}},"loc":{"start":{"line":18,"column":13},"end":{"line":33,"column":1}},"line":18}},"branchMap":{"0":{"loc":{"start":{"line":20,"column":16},"end":{"line":20,"column":107}},"type":"cond-expr","locations":[{"start":{"line":20,"column":41},"end":{"line":20,"column":57}},{"start":{"line":20,"column":61},"end":{"line":20,"column":106}}],"line":20},"1":{"loc":{"start":{"line":20,"column":61},"end":{"line":20,"column":106}},"type":"cond-expr","locations":[{"start":{"line":20,"column":85},"end":{"line":20,"column":101}},{"start":{"line":20,"column":104},"end":{"line":20,"column":106}}],"line":20}},"s":{"0":4,"1":4,"2":4},"f":{"0":4},"b":{"0":[1,3],"1":[1,2]},"_coverageSchema":"1a1c01bbd47fc00a2c39e90264f33305004495a9","hash":"9855b1ce8b4d82bfcc59e72579690208421ba18f"}
,"/Users/jianshengchen/Documents/work/seller/video-fe/media-carrier/src/utils/mpegWorker.ts": {"path":"/Users/jianshengchen/Documents/work/seller/video-fe/media-carrier/src/utils/mpegWorker.ts","statementMap":{"0":{"start":{"line":27,"column":17},"end":{"line":27,"column":33}},"1":{"start":{"line":28,"column":2},"end":{"line":28,"column":16}},"2":{"start":{"line":32,"column":2},"end":{"line":35,"column":3}},"3":{"start":{"line":33,"column":4},"end":{"line":33,"column":43}},"4":{"start":{"line":34,"column":4},"end":{"line":34,"column":11}},"5":{"start":{"line":36,"column":2},"end":{"line":36,"column":47}},"6":{"start":{"line":39,"column":2},"end":{"line":42,"column":3}},"7":{"start":{"line":40,"column":4},"end":{"line":40,"column":47}},"8":{"start":{"line":41,"column":4},"end":{"line":41,"column":11}},"9":{"start":{"line":43,"column":2},"end":{"line":43,"column":49}},"10":{"start":{"line":52,"column":28},"end":{"line":52,"column":29}},"11":{"start":{"line":53,"column":22},"end":{"line":53,"column":45}},"12":{"start":{"line":54,"column":25},"end":{"line":54,"column":44}},"13":{"start":{"line":55,"column":58},"end":{"line":58,"column":3}},"14":{"start":{"line":60,"column":2},"end":{"line":118,"column":5}},"15":{"start":{"line":61,"column":27},"end":{"line":108,"column":5}},"16":{"start":{"line":62,"column":6},"end":{"line":62,"column":63}},"17":{"start":{"line":64,"column":6},"end":{"line":107,"column":7}},"18":{"start":{"line":67,"column":22},"end":{"line":67,"column":59}},"19":{"start":{"line":68,"column":10},"end":{"line":76,"column":11}},"20":{"start":{"line":69,"column":12},"end":{"line":71,"column":14}},"21":{"start":{"line":72,"column":17},"end":{"line":76,"column":11}},"22":{"start":{"line":73,"column":12},"end":{"line":75,"column":14}},"23":{"start":{"line":78,"column":27},"end":{"line":78,"column":54}},"24":{"start":{"line":80,"column":10},"end":{"line":85,"column":15}},"25":{"start":{"line":86,"column":10},"end":{"line":86,"column":16}},"26":{"start":{"line":90,"column":10},"end":{"line":90,"column":16}},"27":{"start":{"line":93,"column":10},"end":{"line":94,"column":69}},"28":{"start":{"line":95,"column":10},"end":{"line":95,"column":95}},"29":{"start":{"line":96,"column":10},"end":{"line":96,"column":69}},"30":{"start":{"line":97,"column":10},"end":{"line":97,"column":26}},"31":{"start":{"line":98,"column":10},"end":{"line":98,"column":16}},"32":{"start":{"line":101,"column":10},"end":{"line":101,"column":94}},"33":{"start":{"line":102,"column":10},"end":{"line":102,"column":34}},"34":{"start":{"line":103,"column":10},"end":{"line":103,"column":16}},"35":{"start":{"line":106,"column":10},"end":{"line":106,"column":16}},"36":{"start":{"line":110,"column":24},"end":{"line":114,"column":5}},"37":{"start":{"line":111,"column":6},"end":{"line":111,"column":86}},"38":{"start":{"line":112,"column":6},"end":{"line":112,"column":55}},"39":{"start":{"line":113,"column":6},"end":{"line":113,"column":20}},"40":{"start":{"line":115,"column":4},"end":{"line":115,"column":86}},"41":{"start":{"line":116,"column":4},"end":{"line":116,"column":81}},"42":{"start":{"line":117,"column":4},"end":{"line":117,"column":45}},"43":{"start":{"line":126,"column":22},"end":{"line":129,"column":3}},"44":{"start":{"line":131,"column":2},"end":{"line":167,"column":5}},"45":{"start":{"line":132,"column":27},"end":{"line":158,"column":5}},"46":{"start":{"line":133,"column":6},"end":{"line":133,"column":63}},"47":{"start":{"line":135,"column":6},"end":{"line":157,"column":7}},"48":{"start":{"line":138,"column":10},"end":{"line":138,"column":16}},"49":{"start":{"line":142,"column":10},"end":{"line":142,"column":16}},"50":{"start":{"line":145,"column":10},"end":{"line":145,"column":95}},"51":{"start":{"line":146,"column":10},"end":{"line":146,"column":69}},"52":{"start":{"line":147,"column":10},"end":{"line":147,"column":26}},"53":{"start":{"line":148,"column":10},"end":{"line":148,"column":16}},"54":{"start":{"line":151,"column":10},"end":{"line":151,"column":95}},"55":{"start":{"line":152,"column":10},"end":{"line":152,"column":34}},"56":{"start":{"line":153,"column":10},"end":{"line":153,"column":16}},"57":{"start":{"line":156,"column":10},"end":{"line":156,"column":16}},"58":{"start":{"line":160,"column":24},"end":{"line":163,"column":5}},"59":{"start":{"line":161,"column":6},"end":{"line":161,"column":86}},"60":{"start":{"line":162,"column":6},"end":{"line":162,"column":20}},"61":{"start":{"line":164,"column":4},"end":{"line":164,"column":86}},"62":{"start":{"line":165,"column":4},"end":{"line":165,"column":57}},"63":{"start":{"line":166,"column":4},"end":{"line":166,"column":71}},"64":{"start":{"line":175,"column":2},"end":{"line":191,"column":5}},"65":{"start":{"line":176,"column":24},"end":{"line":182,"column":5}},"66":{"start":{"line":177,"column":6},"end":{"line":181,"column":7}},"67":{"start":{"line":178,"column":8},"end":{"line":178,"column":90}},"68":{"start":{"line":179,"column":8},"end":{"line":179,"column":33}},"69":{"start":{"line":180,"column":8},"end":{"line":180,"column":18}},"70":{"start":{"line":183,"column":24},"end":{"line":188,"column":5}},"71":{"start":{"line":184,"column":6},"end":{"line":184,"column":40}},"72":{"start":{"line":185,"column":6},"end":{"line":185,"column":86}},"73":{"start":{"line":186,"column":6},"end":{"line":186,"column":28}},"74":{"start":{"line":187,"column":6},"end":{"line":187,"column":18}},"75":{"start":{"line":189,"column":4},"end":{"line":189,"column":83}},"76":{"start":{"line":190,"column":4},"end":{"line":190,"column":81}}},"fnMap":{"0":{"name":"createWorker","decl":{"start":{"line":26,"column":16},"end":{"line":26,"column":28}},"loc":{"start":{"line":26,"column":43},"end":{"line":29,"column":1}},"line":26},"1":{"name":"addWorkerEventListener","decl":{"start":{"line":31,"column":9},"end":{"line":31,"column":31}},"loc":{"start":{"line":31,"column":103},"end":{"line":37,"column":1}},"line":31},"2":{"name":"removeWorkerEventListener","decl":{"start":{"line":38,"column":9},"end":{"line":38,"column":34}},"loc":{"start":{"line":38,"column":106},"end":{"line":44,"column":1}},"line":38},"3":{"name":"pmToPromiseWithProgress","decl":{"start":{"line":46,"column":16},"end":{"line":46,"column":39}},"loc":{"start":{"line":50,"column":52},"end":{"line":119,"column":1}},"line":50},"4":{"name":"(anonymous_4)","decl":{"start":{"line":60,"column":21},"end":{"line":60,"column":22}},"loc":{"start":{"line":60,"column":42},"end":{"line":118,"column":3}},"line":60},"5":{"name":"(anonymous_5)","decl":{"start":{"line":61,"column":27},"end":{"line":61,"column":28}},"loc":{"start":{"line":61,"column":57},"end":{"line":108,"column":5}},"line":61},"6":{"name":"(anonymous_6)","decl":{"start":{"line":110,"column":24},"end":{"line":110,"column":25}},"loc":{"start":{"line":110,"column":45},"end":{"line":114,"column":5}},"line":110},"7":{"name":"pmToPromise","decl":{"start":{"line":121,"column":16},"end":{"line":121,"column":27}},"loc":{"start":{"line":125,"column":61},"end":{"line":168,"column":1}},"line":125},"8":{"name":"(anonymous_8)","decl":{"start":{"line":131,"column":21},"end":{"line":131,"column":22}},"loc":{"start":{"line":131,"column":42},"end":{"line":167,"column":3}},"line":131},"9":{"name":"(anonymous_9)","decl":{"start":{"line":132,"column":27},"end":{"line":132,"column":28}},"loc":{"start":{"line":132,"column":57},"end":{"line":158,"column":5}},"line":132},"10":{"name":"(anonymous_10)","decl":{"start":{"line":160,"column":24},"end":{"line":160,"column":25}},"loc":{"start":{"line":160,"column":45},"end":{"line":163,"column":5}},"line":160},"11":{"name":"waitForWorkerIsReady","decl":{"start":{"line":170,"column":16},"end":{"line":170,"column":36}},"loc":{"start":{"line":174,"column":16},"end":{"line":192,"column":1}},"line":174},"12":{"name":"(anonymous_12)","decl":{"start":{"line":175,"column":21},"end":{"line":175,"column":22}},"loc":{"start":{"line":175,"column":42},"end":{"line":191,"column":3}},"line":175},"13":{"name":"(anonymous_13)","decl":{"start":{"line":176,"column":24},"end":{"line":176,"column":25}},"loc":{"start":{"line":176,"column":54},"end":{"line":182,"column":5}},"line":176},"14":{"name":"(anonymous_14)","decl":{"start":{"line":183,"column":24},"end":{"line":183,"column":25}},"loc":{"start":{"line":183,"column":38},"end":{"line":188,"column":5}},"line":183}},"branchMap":{"0":{"loc":{"start":{"line":32,"column":2},"end":{"line":35,"column":3}},"type":"if","locations":[{"start":{"line":32,"column":2},"end":{"line":35,"column":3}},{"start":{"line":32,"column":2},"end":{"line":35,"column":3}}],"line":32},"1":{"loc":{"start":{"line":39,"column":2},"end":{"line":42,"column":3}},"type":"if","locations":[{"start":{"line":39,"column":2},"end":{"line":42,"column":3}},{"start":{"line":39,"column":2},"end":{"line":42,"column":3}}],"line":39},"2":{"loc":{"start":{"line":64,"column":6},"end":{"line":107,"column":7}},"type":"switch","locations":[{"start":{"line":65,"column":8},"end":{"line":65,"column":22}},{"start":{"line":66,"column":8},"end":{"line":86,"column":16}},{"start":{"line":88,"column":8},"end":{"line":90,"column":16}},{"start":{"line":92,"column":8},"end":{"line":98,"column":16}},{"start":{"line":100,"column":8},"end":{"line":103,"column":16}},{"start":{"line":105,"column":8},"end":{"line":106,"column":16}}],"line":64},"3":{"loc":{"start":{"line":68,"column":10},"end":{"line":76,"column":11}},"type":"if","locations":[{"start":{"line":68,"column":10},"end":{"line":76,"column":11}},{"start":{"line":68,"column":10},"end":{"line":76,"column":11}}],"line":68},"4":{"loc":{"start":{"line":70,"column":14},"end":{"line":70,"column":53}},"type":"binary-expr","locations":[{"start":{"line":70,"column":14},"end":{"line":70,"column":39}},{"start":{"line":70,"column":43},"end":{"line":70,"column":53}}],"line":70},"5":{"loc":{"start":{"line":72,"column":17},"end":{"line":76,"column":11}},"type":"if","locations":[{"start":{"line":72,"column":17},"end":{"line":76,"column":11}},{"start":{"line":72,"column":17},"end":{"line":76,"column":11}}],"line":72},"6":{"loc":{"start":{"line":74,"column":14},"end":{"line":74,"column":56}},"type":"binary-expr","locations":[{"start":{"line":74,"column":14},"end":{"line":74,"column":42}},{"start":{"line":74,"column":46},"end":{"line":74,"column":56}}],"line":74},"7":{"loc":{"start":{"line":78,"column":27},"end":{"line":78,"column":54}},"type":"binary-expr","locations":[{"start":{"line":78,"column":27},"end":{"line":78,"column":49}},{"start":{"line":78,"column":53},"end":{"line":78,"column":54}}],"line":78},"8":{"loc":{"start":{"line":80,"column":10},"end":{"line":85,"column":14}},"type":"binary-expr","locations":[{"start":{"line":80,"column":10},"end":{"line":80,"column":26}},{"start":{"line":81,"column":12},"end":{"line":85,"column":14}}],"line":80},"9":{"loc":{"start":{"line":82,"column":24},"end":{"line":82,"column":60}},"type":"cond-expr","locations":[{"start":{"line":82,"column":44},"end":{"line":82,"column":49}},{"start":{"line":82,"column":52},"end":{"line":82,"column":60}}],"line":82},"10":{"loc":{"start":{"line":93,"column":10},"end":{"line":94,"column":68}},"type":"binary-expr","locations":[{"start":{"line":93,"column":10},"end":{"line":93,"column":26}},{"start":{"line":94,"column":12},"end":{"line":94,"column":68}}],"line":93},"11":{"loc":{"start":{"line":117,"column":4},"end":{"line":117,"column":44}},"type":"binary-expr","locations":[{"start":{"line":117,"column":4},"end":{"line":117,"column":12}},{"start":{"line":117,"column":16},"end":{"line":117,"column":44}}],"line":117},"12":{"loc":{"start":{"line":135,"column":6},"end":{"line":157,"column":7}},"type":"switch","locations":[{"start":{"line":136,"column":8},"end":{"line":138,"column":16}},{"start":{"line":140,"column":8},"end":{"line":142,"column":16}},{"start":{"line":144,"column":8},"end":{"line":148,"column":16}},{"start":{"line":150,"column":8},"end":{"line":153,"column":16}},{"start":{"line":155,"column":8},"end":{"line":156,"column":16}}],"line":135},"13":{"loc":{"start":{"line":166,"column":4},"end":{"line":166,"column":70}},"type":"binary-expr","locations":[{"start":{"line":166,"column":4},"end":{"line":166,"column":12}},{"start":{"line":166,"column":16},"end":{"line":166,"column":70}}],"line":166},"14":{"loc":{"start":{"line":177,"column":6},"end":{"line":181,"column":7}},"type":"if","locations":[{"start":{"line":177,"column":6},"end":{"line":181,"column":7}},{"start":{"line":177,"column":6},"end":{"line":181,"column":7}}],"line":177},"15":{"loc":{"start":{"line":179,"column":8},"end":{"line":179,"column":32}},"type":"binary-expr","locations":[{"start":{"line":179,"column":8},"end":{"line":179,"column":17}},{"start":{"line":179,"column":21},"end":{"line":179,"column":32}}],"line":179},"16":{"loc":{"start":{"line":186,"column":6},"end":{"line":186,"column":27}},"type":"binary-expr","locations":[{"start":{"line":186,"column":6},"end":{"line":186,"column":12}},{"start":{"line":186,"column":16},"end":{"line":186,"column":27}}],"line":186}},"s":{"0":7,"1":7,"2":16,"3":16,"4":16,"5":0,"6":8,"7":8,"8":8,"9":0,"10":1,"11":1,"12":1,"13":1,"14":1,"15":1,"16":11,"17":11,"18":9,"19":9,"20":0,"21":9,"22":0,"23":9,"24":9,"25":9,"26":1,"27":1,"28":1,"29":1,"30":1,"31":1,"32":0,"33":0,"34":0,"35":0,"36":1,"37":0,"38":0,"39":0,"40":1,"41":1,"42":1,"43":3,"44":3,"45":3,"46":3,"47":3,"48":0,"49":0,"50":3,"51":3,"52":3,"53":3,"54":0,"55":0,"56":0,"57":0,"58":3,"59":0,"60":0,"61":3,"62":3,"63":3,"64":4,"65":4,"66":4,"67":4,"68":4,"69":4,"70":4,"71":0,"72":0,"73":0,"74":0,"75":4,"76":4},"f":{"0":7,"1":16,"2":8,"3":1,"4":1,"5":11,"6":0,"7":3,"8":3,"9":3,"10":0,"11":4,"12":4,"13":4,"14":0},"b":{"0":[16,0],"1":[8,0],"2":[9,9,1,1,0,0],"3":[0,9],"4":[0,0],"5":[0,9],"6":[0,0],"7":[9,9],"8":[9,9],"9":[0,9],"10":[1,1],"11":[1,1],"12":[0,0,3,0,0],"13":[3,3],"14":[4,0],"15":[4,4],"16":[0,0]},"_coverageSchema":"1a1c01bbd47fc00a2c39e90264f33305004495a9","hash":"95adb1d45aa7453b821b30b42be2de4429f231de"}
,"/Users/jianshengchen/Documents/work/seller/video-fe/media-carrier/src/utils/request.ts": {"path":"/Users/jianshengchen/Documents/work/seller/video-fe/media-carrier/src/utils/request.ts","statementMap":{},"fnMap":{},"branchMap":{},"s":{},"f":{},"b":{},"_coverageSchema":"1a1c01bbd47fc00a2c39e90264f33305004495a9","hash":"cc3c413b737290bd953a9ba152d72ce0ebeedf06"}
}
