TN:
SF:src/index.ts
FN:46,(anonymous_0)
FN:51,(anonymous_1)
FN:68,(anonymous_2)
FN:78,(anonymous_3)
FN:106,(anonymous_4)
FN:128,(anonymous_5)
FN:150,(anonymous_6)
FNF:7
FNH:4
FNDA:4,(anonymous_0)
FNDA:3,(anonymous_1)
FNDA:0,(anonymous_2)
FNDA:1,(anonymous_3)
FNDA:0,(anonymous_4)
FNDA:0,(anonymous_5)
FNDA:1,(anonymous_6)
DA:13,1
DA:16,1
DA:20,1
DA:23,1
DA:32,1
DA:33,1
DA:35,1
DA:47,4
DA:48,4
DA:51,4
DA:56,3
DA:57,0
DA:58,0
DA:60,3
DA:61,3
DA:62,3
DA:63,3
DA:64,3
DA:65,3
DA:68,4
DA:69,0
DA:70,0
DA:78,4
DA:88,1
DA:89,1
DA:91,1
DA:98,1
DA:99,1
DA:106,4
DA:107,0
DA:108,0
DA:109,0
DA:120,0
DA:121,0
DA:128,4
DA:129,0
DA:130,0
DA:131,0
DA:142,0
DA:143,0
DA:150,4
DA:151,1
DA:152,1
DA:153,1
DA:164,1
DA:165,1
LF:46
LH:32
BRDA:46,0,0,0
BRDA:47,1,0,4
BRDA:47,1,1,0
BRDA:56,2,0,0
BRDA:56,2,1,3
BRDA:89,3,0,1
BRDA:89,4,0,0
BRDA:108,5,0,0
BRDA:130,6,0,0
BRDA:152,7,0,0
BRF:10
BRH:3
end_of_record
TN:
SF:src/utils/common.ts
FN:1,createTimeoutPromise
FN:2,(anonymous_1)
FN:3,(anonymous_2)
FN:8,timeout
FN:9,(anonymous_4)
FN:10,(anonymous_5)
FN:18,sec2Time
FN:33,time2Sec
FN:41,time2Millisecond
FN:42,(anonymous_9)
FN:57,padStart
FNF:11
FNH:11
FNDA:4,createTimeoutPromise
FNDA:4,(anonymous_1)
FNDA:1,(anonymous_2)
FNDA:1,timeout
FNDA:1,(anonymous_4)
FNDA:1,(anonymous_5)
FNDA:6,sec2Time
FNDA:4,time2Sec
FNDA:8,time2Millisecond
FNDA:24,(anonymous_9)
FNDA:20,padStart
DA:2,4
DA:3,4
DA:4,1
DA:9,1
DA:10,1
DA:19,6
DA:20,1
DA:22,5
DA:23,5
DA:24,5
DA:26,5
DA:34,4
DA:42,24
DA:43,8
DA:44,8
DA:45,8
DA:46,8
DA:47,8
DA:58,20
DA:59,2
DA:61,18
LF:21
LH:21
BRDA:19,0,0,1
BRDA:19,0,1,5
BRDA:57,1,0,0
BRDA:57,2,0,10
BRDA:57,3,0,10
BRDA:57,4,0,13
BRDA:58,5,0,2
BRDA:58,5,1,18
BRDA:58,6,0,20
BRDA:58,6,1,6
BRF:10
BRH:9
end_of_record
TN:
SF:src/utils/dataTransform.ts
FN:5,arrayBuffer2Blob
FN:10,arrayBuffer2File
FN:15,blob2ArrayBuffer
FN:16,(anonymous_3)
FN:19,(anonymous_4)
FN:23,(anonymous_5)
FN:34,blob2ObjectURL
FN:39,blob2AudioEelemnt
FN:44,blob2VideoElement
FN:53,reqMedia
FN:59,(anonymous_10)
FNF:11
FNH:10
FNDA:2,arrayBuffer2Blob
FNDA:2,arrayBuffer2File
FNDA:3,blob2ArrayBuffer
FNDA:3,(anonymous_3)
FNDA:3,(anonymous_4)
FNDA:0,(anonymous_5)
FNDA:3,blob2ObjectURL
FNDA:1,blob2AudioEelemnt
FNDA:1,blob2VideoElement
FNDA:2,reqMedia
FNDA:2,(anonymous_10)
DA:6,2
DA:7,2
DA:11,2
DA:12,2
DA:16,3
DA:17,3
DA:19,3
DA:20,3
DA:23,3
DA:24,0
DA:25,0
DA:27,0
DA:30,3
DA:35,3
DA:36,3
DA:40,1
DA:41,1
DA:45,1
DA:46,1
DA:47,1
DA:48,1
DA:54,2
DA:55,2
DA:60,2
DA:61,2
DA:63,2
DA:65,2
DA:66,1
DA:68,2
LF:29
LH:26
BRDA:53,0,0,0
BRDA:54,1,0,0
BRDA:54,1,1,2
BRDA:61,2,0,2
BRDA:61,2,1,0
BRDA:65,3,0,1
BRDA:65,3,1,1
BRF:7
BRH:4
end_of_record
TN:
SF:src/utils/index.ts
FNF:0
FNH:0
LF:0
LH:0
BRF:0
BRH:0
end_of_record
TN:
SF:src/utils/mpegCommand.ts
FN:12,getClipCommand
FNF:1
FNH:1
FNDA:4,getClipCommand
DA:20,4
DA:21,4
DA:32,4
LF:3
LH:3
BRDA:20,0,0,1
BRDA:20,0,1,3
BRDA:20,1,0,1
BRDA:20,1,1,2
BRF:4
BRH:4
end_of_record
TN:
SF:src/utils/mpegWorker.ts
FN:26,createWorker
FN:31,addWorkerEventListener
FN:38,removeWorkerEventListener
FN:46,pmToPromiseWithProgress
FN:60,(anonymous_4)
FN:61,(anonymous_5)
FN:110,(anonymous_6)
FN:121,pmToPromise
FN:131,(anonymous_8)
FN:132,(anonymous_9)
FN:160,(anonymous_10)
FN:170,waitForWorkerIsReady
FN:175,(anonymous_12)
FN:176,(anonymous_13)
FN:183,(anonymous_14)
FNF:15
FNH:12
FNDA:7,createWorker
FNDA:16,addWorkerEventListener
FNDA:8,removeWorkerEventListener
FNDA:1,pmToPromiseWithProgress
FNDA:1,(anonymous_4)
FNDA:11,(anonymous_5)
FNDA:0,(anonymous_6)
FNDA:3,pmToPromise
FNDA:3,(anonymous_8)
FNDA:3,(anonymous_9)
FNDA:0,(anonymous_10)
FNDA:4,waitForWorkerIsReady
FNDA:4,(anonymous_12)
FNDA:4,(anonymous_13)
FNDA:0,(anonymous_14)
DA:27,7
DA:28,7
DA:32,16
DA:33,16
DA:34,16
DA:36,0
DA:39,8
DA:40,8
DA:41,8
DA:43,0
DA:52,1
DA:53,1
DA:54,1
DA:55,1
DA:60,1
DA:61,1
DA:62,11
DA:64,11
DA:67,9
DA:68,9
DA:69,0
DA:72,9
DA:73,0
DA:78,9
DA:80,9
DA:86,9
DA:90,1
DA:93,1
DA:95,1
DA:96,1
DA:97,1
DA:98,1
DA:101,0
DA:102,0
DA:103,0
DA:106,0
DA:110,1
DA:111,0
DA:112,0
DA:113,0
DA:115,1
DA:116,1
DA:117,1
DA:126,3
DA:131,3
DA:132,3
DA:133,3
DA:135,3
DA:138,0
DA:142,0
DA:145,3
DA:146,3
DA:147,3
DA:148,3
DA:151,0
DA:152,0
DA:153,0
DA:156,0
DA:160,3
DA:161,0
DA:162,0
DA:164,3
DA:165,3
DA:166,3
DA:175,4
DA:176,4
DA:177,4
DA:178,4
DA:179,4
DA:180,4
DA:183,4
DA:184,0
DA:185,0
DA:186,0
DA:187,0
DA:189,4
DA:190,4
LF:77
LH:54
BRDA:32,0,0,16
BRDA:32,0,1,0
BRDA:39,1,0,8
BRDA:39,1,1,0
BRDA:64,2,0,9
BRDA:64,2,1,9
BRDA:64,2,2,1
BRDA:64,2,3,1
BRDA:64,2,4,0
BRDA:64,2,5,0
BRDA:68,3,0,0
BRDA:68,3,1,9
BRDA:70,4,0,0
BRDA:70,4,1,0
BRDA:72,5,0,0
BRDA:72,5,1,9
BRDA:74,6,0,0
BRDA:74,6,1,0
BRDA:78,7,0,9
BRDA:78,7,1,9
BRDA:80,8,0,9
BRDA:80,8,1,9
BRDA:82,9,0,0
BRDA:82,9,1,9
BRDA:93,10,0,1
BRDA:93,10,1,1
BRDA:117,11,0,1
BRDA:117,11,1,1
BRDA:135,12,0,0
BRDA:135,12,1,0
BRDA:135,12,2,3
BRDA:135,12,3,0
BRDA:135,12,4,0
BRDA:166,13,0,3
BRDA:166,13,1,3
BRDA:177,14,0,4
BRDA:177,14,1,0
BRDA:179,15,0,4
BRDA:179,15,1,4
BRDA:186,16,0,0
BRDA:186,16,1,0
BRF:41
BRH:23
end_of_record
TN:
SF:src/utils/request.ts
FNF:0
FNH:0
LF:0
LH:0
BRF:0
BRH:0
end_of_record
